# JRE version: OpenJDK Runtime Environment Temurin-21.0.9+10 (21.0.9+10) (build 21.0.9+10-LTS)
# Java VM: OpenJDK 64-Bit Server VM Temurin-21.0.9+10 (21.0.9+10-LTS, mixed mode, emulated-client, sharing, tiered, compressed oops, compressed class ptrs, g1 gc, windows-amd64)
GC Precious Log:
 CardTable entry size: 512
 Card Set container configuration: InlinePtr #cards 4 size 8 Array Of Cards #cards 32 size 80 Howl #buckets 8 coarsen threshold 7372 Howl Bitmap #cards 1024 size 144 coarsen threshold 921 Card regions per heap region 1 cards per card region 8192
 CPUs: 14 total, 14 available
 Memory: 32212M
 Large Page Support: Disabled
 NUMA Support: Disabled
 Compressed Oops: Enabled (Zero based)
 Heap Region Size: 4M
 Heap Min Capacity: 8M
 Heap Initial Capacity: 504M
 Heap Max Capacity: 8056M
 Pre-touch: Disabled
 Parallel Workers: 11
 Concurrent Workers: 3
 Concurrent Refinement Workers: 11
 Periodic GC: Disabled
Heap:
 garbage-first heap   total 98304K, used 77523K [0x0000000608800000, 0x0000000800000000)
  region size 4096K, 16 young (65536K), 2 survivors (8192K)
 Metaspace       used 53967K, committed 54976K, reserved 1114112K
  class space    used 7294K, committed 7744K, reserved 1048576K
GC Heap History (20 events):
Event: 1.723 GC heap after
{Heap after GC invocations=7 (full 0):
 garbage-first heap   total 65536K, used 13139K [0x0000000608800000, 0x0000000800000000)
  region size 4096K, 1 young (4096K), 1 survivors (4096K)
 Metaspace       used 25682K, committed 26176K, reserved 1114112K
  class space    used 3465K, committed 3712K, reserved 1048576K
}
Event: 1.913 GC heap before
{Heap before GC invocations=7 (full 0):
 garbage-first heap   total 65536K, used 45907K [0x0000000608800000, 0x0000000800000000)
  region size 4096K, 9 young (36864K), 1 survivors (4096K)
 Metaspace       used 27469K, committed 27968K, reserved 1114112K
  class space    used 3723K, committed 3968K, reserved 1048576K
}
Event: 1.916 GC heap after
{Heap after GC invocations=8 (full 0):
 garbage-first heap   total 290816K, used 14143K [0x0000000608800000, 0x0000000800000000)
  region size 4096K, 2 young (8192K), 2 survivors (8192K)
 Metaspace       used 27469K, committed 27968K, reserved 1114112K
  class space    used 3723K, committed 3968K, reserved 1048576K
}
Event: 2.568 GC heap before
{Heap before GC invocations=8 (full 0):
 garbage-first heap   total 290816K, used 104255K [0x0000000608800000, 0x0000000800000000)
  region size 4096K, 25 young (102400K), 2 survivors (8192K)
 Metaspace       used 35208K, committed 35776K, reserved 1114112K
  class space    used 4809K, committed 5056K, reserved 1048576K
}
Event: 2.573 GC heap after
{Heap after GC invocations=9 (full 0):
 garbage-first heap   total 290816K, used 18700K [0x0000000608800000, 0x0000000800000000)
  region size 4096K, 3 young (12288K), 3 survivors (12288K)
 Metaspace       used 35208K, committed 35776K, reserved 1114112K
  class space    used 4809K, committed 5056K, reserved 1048576K
}
Event: 2.895 GC heap before
{Heap before GC invocations=10 (full 0):
 garbage-first heap   total 81920K, used 55564K [0x0000000608800000, 0x0000000800000000)
  region size 4096K, 12 young (49152K), 3 survivors (12288K)
 Metaspace       used 40394K, committed 40960K, reserved 1114112K
  class space    used 5464K, committed 5696K, reserved 1048576K
}
Event: 2.899 GC heap after
{Heap after GC invocations=11 (full 0):
 garbage-first heap   total 81920K, used 20323K [0x0000000608800000, 0x0000000800000000)
  region size 4096K, 1 young (4096K), 1 survivors (4096K)
 Metaspace       used 40394K, committed 40960K, reserved 1114112K
  class space    used 5464K, committed 5696K, reserved 1048576K
}
Event: 3.183 GC heap before
{Heap before GC invocations=11 (full 0):
 garbage-first heap   total 81920K, used 65379K [0x0000000608800000, 0x0000000800000000)
  region size 4096K, 12 young (49152K), 1 survivors (4096K)
 Metaspace       used 43222K, committed 43968K, reserved 1114112K
  class space    used 5852K, committed 6208K, reserved 1048576K
}
Event: 3.185 GC heap after
{Heap after GC invocations=12 (full 0):
 garbage-first heap   total 81920K, used 22564K [0x0000000608800000, 0x0000000800000000)
  region size 4096K, 1 young (4096K), 1 survivors (4096K)
 Metaspace       used 43222K, committed 43968K, reserved 1114112K
  class space    used 5852K, committed 6208K, reserved 1048576K
}
Event: 3.539 GC heap before
{Heap before GC invocations=12 (full 0):
 garbage-first heap   total 81920K, used 63524K [0x0000000608800000, 0x0000000800000000)
  region size 4096K, 12 young (49152K), 1 survivors (4096K)
 Metaspace       used 46682K, committed 47424K, reserved 1114112K
  class space    used 6345K, committed 6656K, reserved 1048576K
}
Event: 3.542 GC heap after
{Heap after GC invocations=13 (full 0):
 garbage-first heap   total 81920K, used 24636K [0x0000000608800000, 0x0000000800000000)
  region size 4096K, 2 young (8192K), 2 survivors (8192K)
 Metaspace       used 46682K, committed 47424K, reserved 1114112K
  class space    used 6345K, committed 6656K, reserved 1048576K
}
Event: 23.952 GC heap before
{Heap before GC invocations=13 (full 0):
 garbage-first heap   total 81920K, used 65596K [0x0000000608800000, 0x0000000800000000)
  region size 4096K, 12 young (49152K), 2 survivors (8192K)
 Metaspace       used 50153K, committed 50944K, reserved 1114112K
  class space    used 6811K, committed 7168K, reserved 1048576K
}
Event: 23.968 GC heap after
{Heap after GC invocations=14 (full 0):
 garbage-first heap   total 81920K, used 26794K [0x0000000608800000, 0x0000000800000000)
  region size 4096K, 2 young (8192K), 2 survivors (8192K)
 Metaspace       used 50153K, committed 50944K, reserved 1114112K
  class space    used 6811K, committed 7168K, reserved 1048576K
}
Event: 25.458 GC heap before
{Heap before GC invocations=14 (full 0):
 garbage-first heap   total 81920K, used 63658K [0x0000000608800000, 0x0000000800000000)
  region size 4096K, 12 young (49152K), 2 survivors (8192K)
 Metaspace       used 52415K, committed 53184K, reserved 1114112K
  class space    used 7086K, committed 7424K, reserved 1048576K
}
Event: 25.465 GC heap after
{Heap after GC invocations=15 (full 0):
 garbage-first heap   total 81920K, used 28887K [0x0000000608800000, 0x0000000800000000)
  region size 4096K, 2 young (8192K), 2 survivors (8192K)
 Metaspace       used 52415K, committed 53184K, reserved 1114112K
  class space    used 7086K, committed 7424K, reserved 1048576K
}
Event: 100.488 GC heap before
{Heap before GC invocations=16 (full 0):
 garbage-first heap   total 81920K, used 69847K [0x0000000608800000, 0x0000000800000000)
  region size 4096K, 12 young (49152K), 2 survivors (8192K)
 Metaspace       used 53885K, committed 54720K, reserved 1114112K
  class space    used 7314K, committed 7680K, reserved 1048576K
}
Event: 100.509 GC heap after
{Heap after GC invocations=17 (full 0):
 garbage-first heap   total 299008K, used 29412K [0x0000000608800000, 0x0000000800000000)
  region size 4096K, 2 young (8192K), 2 survivors (8192K)
 Metaspace       used 53885K, committed 54720K, reserved 1114112K
  class space    used 7314K, committed 7680K, reserved 1048576K
}
Event: 356.945 GC heap before
{Heap before GC invocations=17 (full 0):
 garbage-first heap   total 299008K, used 99044K [0x0000000608800000, 0x0000000800000000)
  region size 4096K, 21 young (86016K), 2 survivors (8192K)
 Metaspace       used 54122K, committed 54976K, reserved 1114112K
  class space    used 7350K, committed 7744K, reserved 1048576K
}
Event: 356.973 GC heap after
{Heap after GC invocations=18 (full 1):
 garbage-first heap   total 98304K, used 20179K [0x0000000608800000, 0x0000000800000000)
  region size 4096K, 0 young (0K), 0 survivors (0K)
 Metaspace       used 53696K, committed 54976K, reserved 1114112K
  class space    used 7239K, committed 7744K, reserved 1048576K
}
Event: 569.412 GC heap before
{Heap before GC invocations=18 (full 1):
 garbage-first heap   total 98304K, used 73427K [0x0000000608800000, 0x0000000800000000)
  region size 4096K, 14 young (57344K), 0 survivors (0K)
 Metaspace       used 53967K, committed 54976K, reserved 1114112K
  class space    used 7294K, committed 7744K, reserved 1048576K
}

